10-30 20:32:20 com_github_MitjaNemec_ReplicateLayout.action_replicate_layout 392:Plugin executed on: 'win32'
10-30 20:32:20 com_github_MitjaNemec_ReplicateLayout.action_replicate_layout 393:Plugin executed with python version: '3.9.16 (main, Aug  8 2023, 05:38:28) [MSC v.1936 64 bit (AMD64)]'
10-30 20:32:20 com_github_MitjaNemec_ReplicateLayout.action_replicate_layout 394:KiCad build version: 7.0.8
10-30 20:32:20 com_github_MitjaNemec_ReplicateLayout.action_replicate_layout 395:Plugin version: 2.1.3
10-30 20:32:20 com_github_MitjaNemec_ReplicateLayout.action_replicate_layout 396:Frame repr: <wx._core.Frame object at 0x00000289CDF39EE0>
10-30 20:32:20 com_github_MitjaNemec_ReplicateLayout.action_replicate_layout 420:Preparing replicator with R9 as a reference
10-30 20:32:20 com_github_MitjaNemec_ReplicateLayout.replicate_layout 117:getting a list of all footprints on board
10-30 20:32:20 com_github_MitjaNemec_ReplicateLayout.action_replicate_layout 468:source anchor footprint is 'R9'
Located on: ['L_LTC', 'DCH1']
With filenames: ['Ltc.kicad_sch', 'Discharge.kicad_sch']
With sheet_id:['L_LTC', 'DCH1']
10-30 20:32:20 com_github_MitjaNemec_ReplicateLayout.action_replicate_layout 475:Corresponding footprints are 
[('R17', ['L_LTC', 'DCH3']), ('R95', ['R_LTC', 'DCH7']), ('R91', ['R_LTC', 'DCH8']), ('R87', ['R_LTC', 'DCH4']), ('R83', ['R_LTC', 'DCH2']), ('R79', ['R_LTC', 'DCH3']), ('R75', ['R_LTC', 'DCH6']), ('R71', ['R_LTC', 'DCH1']), ('R67', ['R_LTC', 'DCH10']), ('R63', ['R_LTC', 'DCH9']), ('R59', ['R_LTC', 'DCH5']), ('R45', ['L_LTC', 'DCH10']), ('R41', ['L_LTC', 'DCH9']), ('R37', ['L_LTC', 'DCH8']), ('R33', ['L_LTC', 'DCH7']), ('R29', ['L_LTC', 'DCH6']), ('R25', ['L_LTC', 'DCH5']), ('R21', ['L_LTC', 'DCH4']), ('R13', ['L_LTC', 'DCH2']), ('R9', ['L_LTC', 'DCH1'])]
10-30 20:32:20 com_github_MitjaNemec_ReplicateLayout.action_replicate_layout 487:Showing dialog
10-30 20:32:20 com_github_MitjaNemec_ReplicateLayout.replicate_layout 424:constructing a list of sheets suitable for replication on level:'DCH1', file:'Discharge.kicad_sch'
10-30 20:32:20 com_github_MitjaNemec_ReplicateLayout.replicate_layout 461:suitable sheets are:[['L_LTC', 'DCH10'], ['L_LTC', 'DCH2'], ['L_LTC', 'DCH3'], ['L_LTC', 'DCH4'], ['L_LTC', 'DCH5'], ['L_LTC', 'DCH6'], ['L_LTC', 'DCH7'], ['L_LTC', 'DCH8'], ['L_LTC', 'DCH9'], ['R_LTC', 'DCH1'], ['R_LTC', 'DCH10'], ['R_LTC', 'DCH2'], ['R_LTC', 'DCH3'], ['R_LTC', 'DCH4'], ['R_LTC', 'DCH5'], ['R_LTC', 'DCH6'], ['R_LTC', 'DCH7'], ['R_LTC', 'DCH8'], ['R_LTC', 'DCH9']]
10-30 20:32:20 com_github_MitjaNemec_ReplicateLayout.replicate_layout 1464:Level selected: ['L_LTC', 'DCH1']
10-30 20:32:20 com_github_MitjaNemec_ReplicateLayout.replicate_layout 1299:Filtering list of tracks
10-30 20:32:20 com_github_MitjaNemec_ReplicateLayout.action_replicate_layout 493:Toolbar position: wx.Point(1878, 96)
10-30 20:32:20 com_github_MitjaNemec_ReplicateLayout.action_replicate_layout 498:Dialog position: wx.Point(1439, 96)
10-30 20:32:22 com_github_MitjaNemec_ReplicateLayout.replicate_layout 424:constructing a list of sheets suitable for replication on level:'DCH1', file:'Discharge.kicad_sch'
10-30 20:32:22 com_github_MitjaNemec_ReplicateLayout.replicate_layout 461:suitable sheets are:[['L_LTC', 'DCH10'], ['L_LTC', 'DCH2'], ['L_LTC', 'DCH3'], ['L_LTC', 'DCH4'], ['L_LTC', 'DCH5'], ['L_LTC', 'DCH6'], ['L_LTC', 'DCH7'], ['L_LTC', 'DCH8'], ['L_LTC', 'DCH9'], ['R_LTC', 'DCH1'], ['R_LTC', 'DCH10'], ['R_LTC', 'DCH2'], ['R_LTC', 'DCH3'], ['R_LTC', 'DCH4'], ['R_LTC', 'DCH5'], ['R_LTC', 'DCH6'], ['R_LTC', 'DCH7'], ['R_LTC', 'DCH8'], ['R_LTC', 'DCH9']]
10-30 20:32:22 com_github_MitjaNemec_ReplicateLayout.replicate_layout 1464:Level selected: ['L_LTC', 'DCH1']
10-30 20:32:23 com_github_MitjaNemec_ReplicateLayout.replicate_layout 1299:Filtering list of tracks
10-30 20:32:23 com_github_MitjaNemec_ReplicateLayout.replicate_layout 1305:Track group: , src group:
10-30 20:32:23 com_github_MitjaNemec_ReplicateLayout.replicate_layout 1305:Track group: , src group:
10-30 20:32:23 com_github_MitjaNemec_ReplicateLayout.replicate_layout 1305:Track group: , src group:
10-30 20:32:23 com_github_MitjaNemec_ReplicateLayout.replicate_layout 1305:Track group: , src group:
10-30 20:32:23 com_github_MitjaNemec_ReplicateLayout.replicate_layout 1305:Track group: , src group:
10-30 20:32:23 com_github_MitjaNemec_ReplicateLayout.replicate_layout 1305:Track group: , src group:
10-30 20:32:23 com_github_MitjaNemec_ReplicateLayout.replicate_layout 1305:Track group: , src group:
10-30 20:32:23 com_github_MitjaNemec_ReplicateLayout.replicate_layout 1305:Track group: , src group:
10-30 20:32:23 com_github_MitjaNemec_ReplicateLayout.replicate_layout 1305:Track group: , src group:
10-30 20:32:33 com_github_MitjaNemec_ReplicateLayout.replicate_layout 424:constructing a list of sheets suitable for replication on level:'DCH1', file:'Discharge.kicad_sch'
10-30 20:32:33 com_github_MitjaNemec_ReplicateLayout.replicate_layout 461:suitable sheets are:[['L_LTC', 'DCH10'], ['L_LTC', 'DCH2'], ['L_LTC', 'DCH3'], ['L_LTC', 'DCH4'], ['L_LTC', 'DCH5'], ['L_LTC', 'DCH6'], ['L_LTC', 'DCH7'], ['L_LTC', 'DCH8'], ['L_LTC', 'DCH9'], ['R_LTC', 'DCH1'], ['R_LTC', 'DCH10'], ['R_LTC', 'DCH2'], ['R_LTC', 'DCH3'], ['R_LTC', 'DCH4'], ['R_LTC', 'DCH5'], ['R_LTC', 'DCH6'], ['R_LTC', 'DCH7'], ['R_LTC', 'DCH8'], ['R_LTC', 'DCH9']]
10-30 20:32:33 com_github_MitjaNemec_ReplicateLayout.action_replicate_layout 240:Replicating layout
10-30 20:32:33 com_github_MitjaNemec_ReplicateLayout.replicate_layout 240:Starting replication of sheets: [['L_LTC', 'DCH10'], ['L_LTC', 'DCH2'], ['L_LTC', 'DCH3'], ['L_LTC', 'DCH4'], ['L_LTC', 'DCH5'], ['L_LTC', 'DCH6'], ['L_LTC', 'DCH7'], ['L_LTC', 'DCH8'], ['L_LTC', 'DCH9'], ['R_LTC', 'DCH1'], ['R_LTC', 'DCH10'], ['R_LTC', 'DCH2'], ['R_LTC', 'DCH3'], ['R_LTC', 'DCH4'], ['R_LTC', 'DCH5'], ['R_LTC', 'DCH6'], ['R_LTC', 'DCH7'], ['R_LTC', 'DCH8'], ['R_LTC', 'DCH9']]
on level: ['L_LTC', 'DCH1']
with tracks=True, zone=True, text=True, text=True, intersecting=False, remove=False, locked footprints=False, group_only=True
10-30 20:32:33 root 332:updating GUI message: 'Preparing for replication'
10-30 20:32:33 root 337:updating GUI with: 0
10-30 20:32:33 com_github_MitjaNemec_ReplicateLayout.replicate_layout 310:Getting the list of source footprints
10-30 20:32:33 com_github_MitjaNemec_ReplicateLayout.replicate_layout 320:Getting the list of all the remaining footprints
10-30 20:32:33 com_github_MitjaNemec_ReplicateLayout.replicate_layout 327:Getting source tracks
10-30 20:32:33 com_github_MitjaNemec_ReplicateLayout.replicate_layout 1299:Filtering list of tracks
10-30 20:32:33 com_github_MitjaNemec_ReplicateLayout.replicate_layout 1305:Track group: , src group:
10-30 20:32:33 com_github_MitjaNemec_ReplicateLayout.replicate_layout 1305:Track group: , src group:
10-30 20:32:33 com_github_MitjaNemec_ReplicateLayout.replicate_layout 1305:Track group: , src group:
10-30 20:32:33 com_github_MitjaNemec_ReplicateLayout.replicate_layout 1305:Track group: , src group:
10-30 20:32:33 com_github_MitjaNemec_ReplicateLayout.replicate_layout 1305:Track group: , src group:
10-30 20:32:33 com_github_MitjaNemec_ReplicateLayout.replicate_layout 1305:Track group: , src group:
10-30 20:32:33 com_github_MitjaNemec_ReplicateLayout.replicate_layout 1305:Track group: , src group:
10-30 20:32:33 com_github_MitjaNemec_ReplicateLayout.replicate_layout 1305:Track group: , src group:
10-30 20:32:33 com_github_MitjaNemec_ReplicateLayout.replicate_layout 1305:Track group: , src group:
10-30 20:32:33 com_github_MitjaNemec_ReplicateLayout.replicate_layout 331:Getting source zones
10-30 20:32:33 com_github_MitjaNemec_ReplicateLayout.replicate_layout 335:Getting source text items
10-30 20:32:33 com_github_MitjaNemec_ReplicateLayout.replicate_layout 339:Getting source drawing items
10-30 20:32:33 root 332:updating GUI message: 'Replicating footprints'
10-30 20:32:33 com_github_MitjaNemec_ReplicateLayout.replicate_layout 806:Replicating footprints
10-30 20:32:33 com_github_MitjaNemec_ReplicateLayout.replicate_layout 813:Replicating footprints on sheet ['L_LTC', 'DCH10']
10-30 20:32:33 root 337:updating GUI with: 1
10-30 20:32:33 com_github_MitjaNemec_ReplicateLayout.replicate_layout 813:Replicating footprints on sheet ['L_LTC', 'DCH2']
10-30 20:32:33 com_github_MitjaNemec_ReplicateLayout.replicate_layout 813:Replicating footprints on sheet ['L_LTC', 'DCH3']
10-30 20:32:33 com_github_MitjaNemec_ReplicateLayout.replicate_layout 813:Replicating footprints on sheet ['L_LTC', 'DCH4']
10-30 20:32:33 com_github_MitjaNemec_ReplicateLayout.replicate_layout 813:Replicating footprints on sheet ['L_LTC', 'DCH5']
10-30 20:32:33 com_github_MitjaNemec_ReplicateLayout.replicate_layout 813:Replicating footprints on sheet ['L_LTC', 'DCH6']
10-30 20:32:33 com_github_MitjaNemec_ReplicateLayout.replicate_layout 813:Replicating footprints on sheet ['L_LTC', 'DCH7']
10-30 20:32:33 com_github_MitjaNemec_ReplicateLayout.replicate_layout 813:Replicating footprints on sheet ['L_LTC', 'DCH8']
10-30 20:32:33 com_github_MitjaNemec_ReplicateLayout.replicate_layout 813:Replicating footprints on sheet ['L_LTC', 'DCH9']
10-30 20:32:33 root 337:updating GUI with: 43
10-30 20:32:33 com_github_MitjaNemec_ReplicateLayout.replicate_layout 813:Replicating footprints on sheet ['R_LTC', 'DCH1']
10-30 20:32:33 com_github_MitjaNemec_ReplicateLayout.replicate_layout 813:Replicating footprints on sheet ['R_LTC', 'DCH10']
10-30 20:32:33 com_github_MitjaNemec_ReplicateLayout.replicate_layout 813:Replicating footprints on sheet ['R_LTC', 'DCH2']
10-30 20:32:33 com_github_MitjaNemec_ReplicateLayout.replicate_layout 813:Replicating footprints on sheet ['R_LTC', 'DCH3']
10-30 20:32:33 com_github_MitjaNemec_ReplicateLayout.replicate_layout 813:Replicating footprints on sheet ['R_LTC', 'DCH4']
10-30 20:32:33 com_github_MitjaNemec_ReplicateLayout.replicate_layout 813:Replicating footprints on sheet ['R_LTC', 'DCH5']
10-30 20:32:33 com_github_MitjaNemec_ReplicateLayout.replicate_layout 813:Replicating footprints on sheet ['R_LTC', 'DCH6']
10-30 20:32:33 com_github_MitjaNemec_ReplicateLayout.replicate_layout 813:Replicating footprints on sheet ['R_LTC', 'DCH7']
10-30 20:32:33 root 337:updating GUI with: 88
10-30 20:32:33 com_github_MitjaNemec_ReplicateLayout.replicate_layout 813:Replicating footprints on sheet ['R_LTC', 'DCH8']
10-30 20:32:33 com_github_MitjaNemec_ReplicateLayout.replicate_layout 813:Replicating footprints on sheet ['R_LTC', 'DCH9']
10-30 20:32:33 root 332:updating GUI message: 'Replicating tracks'
10-30 20:32:33 com_github_MitjaNemec_ReplicateLayout.replicate_layout 977:Replicating tracks
10-30 20:32:33 com_github_MitjaNemec_ReplicateLayout.replicate_layout 983:Replicating tracks on sheet ['L_LTC', 'DCH10']
10-30 20:32:33 com_github_MitjaNemec_ReplicateLayout.replicate_layout 750:Significant difference between src net: ['', 'C1-'] and dst net: ['', 'C9+'], with src_net_depth=2, dst_net_depth=2, src_fp_depth=2, dst_fp_depth=2, match level 0.67
10-30 20:32:33 com_github_MitjaNemec_ReplicateLayout.replicate_layout 750:Significant difference between src net: ['', 'C1-'] and dst net: ['', 'C9+'], with src_net_depth=2, dst_net_depth=2, src_fp_depth=2, dst_fp_depth=2, match level 0.67
10-30 20:32:33 com_github_MitjaNemec_ReplicateLayout.replicate_layout 766:Net pairs for sheet ['L_LTC', 'DCH10'] :[('/C1+', '/C10+'), ('/C1-', '/C9+'), ('Net-(Q2-D)', 'Net-(Q11-D)'), ('Net-(D1-A)', 'Net-(D10-A)'), ('/L_LTC/DCH1/S', '/L_LTC/DCH10/S'), ('Net-(Q2-G)', 'Net-(Q11-G)')]
10-30 20:32:33 com_github_MitjaNemec_ReplicateLayout.replicate_layout 983:Replicating tracks on sheet ['L_LTC', 'DCH2']
10-30 20:32:33 com_github_MitjaNemec_ReplicateLayout.replicate_layout 766:Net pairs for sheet ['L_LTC', 'DCH2'] :[('/C1+', '/C2+'), ('/L_LTC/DCH1/S', '/L_LTC/DCH2/S'), ('Net-(Q2-D)', 'Net-(Q3-D)'), ('/C1-', '/C1+'), ('Net-(Q2-G)', 'Net-(Q3-G)'), ('Net-(D1-A)', 'Net-(D2-A)')]
10-30 20:32:33 com_github_MitjaNemec_ReplicateLayout.replicate_layout 983:Replicating tracks on sheet ['L_LTC', 'DCH3']
10-30 20:32:33 com_github_MitjaNemec_ReplicateLayout.replicate_layout 750:Significant difference between src net: ['', 'C1-'] and dst net: ['', 'C2+'], with src_net_depth=2, dst_net_depth=2, src_fp_depth=2, dst_fp_depth=2, match level 0.67
10-30 20:32:33 com_github_MitjaNemec_ReplicateLayout.replicate_layout 750:Significant difference between src net: ['', 'C1-'] and dst net: ['', 'C2+'], with src_net_depth=2, dst_net_depth=2, src_fp_depth=2, dst_fp_depth=2, match level 0.67
10-30 20:32:33 com_github_MitjaNemec_ReplicateLayout.replicate_layout 766:Net pairs for sheet ['L_LTC', 'DCH3'] :[('/L_LTC/DCH1/S', '/L_LTC/DCH3/S'), ('/C1+', '/C3+'), ('Net-(Q2-G)', 'Net-(Q4-G)'), ('Net-(Q2-D)', 'Net-(Q4-D)'), ('Net-(D1-A)', 'Net-(D3-A)'), ('/C1-', '/C2+')]
10-30 20:32:33 com_github_MitjaNemec_ReplicateLayout.replicate_layout 983:Replicating tracks on sheet ['L_LTC', 'DCH4']
10-30 20:32:33 com_github_MitjaNemec_ReplicateLayout.replicate_layout 750:Significant difference between src net: ['', 'C1-'] and dst net: ['', 'C3+'], with src_net_depth=2, dst_net_depth=2, src_fp_depth=2, dst_fp_depth=2, match level 0.67
10-30 20:32:33 com_github_MitjaNemec_ReplicateLayout.replicate_layout 750:Significant difference between src net: ['', 'C1-'] and dst net: ['', 'C3+'], with src_net_depth=2, dst_net_depth=2, src_fp_depth=2, dst_fp_depth=2, match level 0.67
10-30 20:32:33 com_github_MitjaNemec_ReplicateLayout.replicate_layout 766:Net pairs for sheet ['L_LTC', 'DCH4'] :[('/L_LTC/DCH1/S', '/L_LTC/DCH4/S'), ('/C1-', '/C3+'), ('/C1+', '/C4+'), ('Net-(Q2-D)', 'Net-(Q5-D)'), ('Net-(Q2-G)', 'Net-(Q5-G)'), ('Net-(D1-A)', 'Net-(D4-A)')]
10-30 20:32:33 com_github_MitjaNemec_ReplicateLayout.replicate_layout 983:Replicating tracks on sheet ['L_LTC', 'DCH5']
10-30 20:32:33 com_github_MitjaNemec_ReplicateLayout.replicate_layout 750:Significant difference between src net: ['', 'C1-'] and dst net: ['', 'C4+'], with src_net_depth=2, dst_net_depth=2, src_fp_depth=2, dst_fp_depth=2, match level 0.67
10-30 20:32:33 com_github_MitjaNemec_ReplicateLayout.replicate_layout 750:Significant difference between src net: ['', 'C1+'] and dst net: ['', 'SW_C5+'], with src_net_depth=2, dst_net_depth=2, src_fp_depth=2, dst_fp_depth=2, match level 0.72
10-30 20:32:33 com_github_MitjaNemec_ReplicateLayout.replicate_layout 750:Significant difference between src net: ['', 'C1-'] and dst net: ['', 'C4+'], with src_net_depth=2, dst_net_depth=2, src_fp_depth=2, dst_fp_depth=2, match level 0.67
10-30 20:32:33 com_github_MitjaNemec_ReplicateLayout.replicate_layout 766:Net pairs for sheet ['L_LTC', 'DCH5'] :[('/L_LTC/DCH1/S', '/L_LTC/DCH5/S'), ('Net-(D1-A)', 'Net-(D5-A)'), ('Net-(Q2-D)', 'Net-(Q6-D)'), ('/C1+', '/SW_C5+'), ('/C1-', '/C4+'), ('Net-(Q2-G)', 'Net-(Q6-G)')]
10-30 20:32:33 com_github_MitjaNemec_ReplicateLayout.replicate_layout 983:Replicating tracks on sheet ['L_LTC', 'DCH6']
10-30 20:32:33 com_github_MitjaNemec_ReplicateLayout.replicate_layout 750:Significant difference between src net: ['', 'C1-'] and dst net: ['', 'SW_C5+'], with src_net_depth=2, dst_net_depth=2, src_fp_depth=2, dst_fp_depth=2, match level 0.61
10-30 20:32:33 com_github_MitjaNemec_ReplicateLayout.replicate_layout 750:Significant difference between src net: ['', 'C1-'] and dst net: ['', 'SW_C5+'], with src_net_depth=2, dst_net_depth=2, src_fp_depth=2, dst_fp_depth=2, match level 0.61
10-30 20:32:33 com_github_MitjaNemec_ReplicateLayout.replicate_layout 766:Net pairs for sheet ['L_LTC', 'DCH6'] :[('/C1-', '/SW_C5+'), ('Net-(Q2-G)', 'Net-(Q7-G)'), ('/L_LTC/DCH1/S', '/L_LTC/DCH6/S'), ('/C1+', '/C6+'), ('Net-(D1-A)', 'Net-(D6-A)'), ('Net-(Q2-D)', 'Net-(Q7-D)')]
10-30 20:32:33 root 337:updating GUI with: 30
10-30 20:32:33 com_github_MitjaNemec_ReplicateLayout.replicate_layout 983:Replicating tracks on sheet ['L_LTC', 'DCH7']
10-30 20:32:33 com_github_MitjaNemec_ReplicateLayout.replicate_layout 750:Significant difference between src net: ['', 'C1-'] and dst net: ['', 'C6+'], with src_net_depth=2, dst_net_depth=2, src_fp_depth=2, dst_fp_depth=2, match level 0.67
10-30 20:32:33 com_github_MitjaNemec_ReplicateLayout.replicate_layout 750:Significant difference between src net: ['', 'C1-'] and dst net: ['', 'C6+'], with src_net_depth=2, dst_net_depth=2, src_fp_depth=2, dst_fp_depth=2, match level 0.67
10-30 20:32:33 com_github_MitjaNemec_ReplicateLayout.replicate_layout 766:Net pairs for sheet ['L_LTC', 'DCH7'] :[('/L_LTC/DCH1/S', '/L_LTC/DCH7/S'), ('Net-(Q2-G)', 'Net-(Q8-G)'), ('Net-(D1-A)', 'Net-(D7-A)'), ('/C1+', '/C7+'), ('Net-(Q2-D)', 'Net-(Q8-D)'), ('/C1-', '/C6+')]
10-30 20:32:33 com_github_MitjaNemec_ReplicateLayout.replicate_layout 983:Replicating tracks on sheet ['L_LTC', 'DCH8']
10-30 20:32:33 com_github_MitjaNemec_ReplicateLayout.replicate_layout 750:Significant difference between src net: ['', 'C1-'] and dst net: ['', 'C7+'], with src_net_depth=2, dst_net_depth=2, src_fp_depth=2, dst_fp_depth=2, match level 0.67
10-30 20:32:33 com_github_MitjaNemec_ReplicateLayout.replicate_layout 750:Significant difference between src net: ['', 'C1-'] and dst net: ['', 'C7+'], with src_net_depth=2, dst_net_depth=2, src_fp_depth=2, dst_fp_depth=2, match level 0.67
10-30 20:32:33 com_github_MitjaNemec_ReplicateLayout.replicate_layout 766:Net pairs for sheet ['L_LTC', 'DCH8'] :[('/L_LTC/DCH1/S', '/L_LTC/DCH8/S'), ('Net-(Q2-D)', 'Net-(Q9-D)'), ('/C1+', '/C8+'), ('/C1-', '/C7+'), ('Net-(D1-A)', 'Net-(D8-A)'), ('Net-(Q2-G)', 'Net-(Q9-G)')]
10-30 20:32:33 com_github_MitjaNemec_ReplicateLayout.replicate_layout 983:Replicating tracks on sheet ['L_LTC', 'DCH9']
10-30 20:32:33 com_github_MitjaNemec_ReplicateLayout.replicate_layout 750:Significant difference between src net: ['', 'C1-'] and dst net: ['', 'C8+'], with src_net_depth=2, dst_net_depth=2, src_fp_depth=2, dst_fp_depth=2, match level 0.67
10-30 20:32:33 com_github_MitjaNemec_ReplicateLayout.replicate_layout 750:Significant difference between src net: ['', 'C1-'] and dst net: ['', 'C8+'], with src_net_depth=2, dst_net_depth=2, src_fp_depth=2, dst_fp_depth=2, match level 0.67
10-30 20:32:33 com_github_MitjaNemec_ReplicateLayout.replicate_layout 766:Net pairs for sheet ['L_LTC', 'DCH9'] :[('Net-(Q2-G)', 'Net-(Q10-G)'), ('Net-(Q2-D)', 'Net-(Q10-D)'), ('Net-(D1-A)', 'Net-(D9-A)'), ('/C1-', '/C8+'), ('/L_LTC/DCH1/S', '/L_LTC/DCH9/S'), ('/C1+', '/C9+')]
10-30 20:32:33 com_github_MitjaNemec_ReplicateLayout.replicate_layout 983:Replicating tracks on sheet ['R_LTC', 'DCH1']
10-30 20:32:33 com_github_MitjaNemec_ReplicateLayout.replicate_layout 766:Net pairs for sheet ['R_LTC', 'DCH1'] :[('/C1-', '/C11-'), ('/C1+', '/C11+'), ('Net-(D1-A)', 'Net-(D14-A)'), ('Net-(Q2-G)', 'Net-(Q16-G)'), ('Net-(Q2-D)', 'Net-(Q16-D)'), ('/L_LTC/DCH1/S', '/R_LTC/DCH1/S')]
10-30 20:32:33 com_github_MitjaNemec_ReplicateLayout.replicate_layout 983:Replicating tracks on sheet ['R_LTC', 'DCH10']
10-30 20:32:33 com_github_MitjaNemec_ReplicateLayout.replicate_layout 750:Significant difference between src net: ['', 'C1-'] and dst net: ['', 'C19+'], with src_net_depth=2, dst_net_depth=2, src_fp_depth=2, dst_fp_depth=2, match level 0.79
10-30 20:32:33 com_github_MitjaNemec_ReplicateLayout.replicate_layout 750:Significant difference between src net: ['', 'C1+'] and dst net: ['', 'C20+'], with src_net_depth=2, dst_net_depth=2, src_fp_depth=2, dst_fp_depth=2, match level 0.79
10-30 20:32:33 com_github_MitjaNemec_ReplicateLayout.replicate_layout 750:Significant difference between src net: ['', 'C1-'] and dst net: ['', 'C19+'], with src_net_depth=2, dst_net_depth=2, src_fp_depth=2, dst_fp_depth=2, match level 0.79
10-30 20:32:33 com_github_MitjaNemec_ReplicateLayout.replicate_layout 766:Net pairs for sheet ['R_LTC', 'DCH10'] :[('Net-(Q2-D)', 'Net-(Q15-D)'), ('/L_LTC/DCH1/S', '/R_LTC/DCH10/S'), ('Net-(Q2-G)', 'Net-(Q15-G)'), ('/C1-', '/C19+'), ('/C1+', '/C20+'), ('Net-(D1-A)', 'Net-(D13-A)')]
10-30 20:32:33 com_github_MitjaNemec_ReplicateLayout.replicate_layout 983:Replicating tracks on sheet ['R_LTC', 'DCH2']
10-30 20:32:33 com_github_MitjaNemec_ReplicateLayout.replicate_layout 750:Significant difference between src net: ['', 'C1-'] and dst net: ['', 'C11+'], with src_net_depth=2, dst_net_depth=2, src_fp_depth=2, dst_fp_depth=2, match level 0.79
10-30 20:32:33 com_github_MitjaNemec_ReplicateLayout.replicate_layout 750:Significant difference between src net: ['', 'C1-'] and dst net: ['', 'C11+'], with src_net_depth=2, dst_net_depth=2, src_fp_depth=2, dst_fp_depth=2, match level 0.79
10-30 20:32:33 com_github_MitjaNemec_ReplicateLayout.replicate_layout 766:Net pairs for sheet ['R_LTC', 'DCH2'] :[('/L_LTC/DCH1/S', '/R_LTC/DCH2/S'), ('Net-(D1-A)', 'Net-(D17-A)'), ('Net-(Q2-G)', 'Net-(Q19-G)'), ('Net-(Q2-D)', 'Net-(Q19-D)'), ('/C1-', '/C11+'), ('/C1+', '/C12+')]
10-30 20:32:33 com_github_MitjaNemec_ReplicateLayout.replicate_layout 983:Replicating tracks on sheet ['R_LTC', 'DCH3']
10-30 20:32:33 com_github_MitjaNemec_ReplicateLayout.replicate_layout 750:Significant difference between src net: ['', 'C1-'] and dst net: ['', 'C12+'], with src_net_depth=2, dst_net_depth=2, src_fp_depth=2, dst_fp_depth=2, match level 0.79
10-30 20:32:33 com_github_MitjaNemec_ReplicateLayout.replicate_layout 750:Significant difference between src net: ['', 'C1-'] and dst net: ['', 'C12+'], with src_net_depth=2, dst_net_depth=2, src_fp_depth=2, dst_fp_depth=2, match level 0.79
10-30 20:32:33 com_github_MitjaNemec_ReplicateLayout.replicate_layout 766:Net pairs for sheet ['R_LTC', 'DCH3'] :[('/L_LTC/DCH1/S', '/R_LTC/DCH3/S'), ('Net-(Q2-G)', 'Net-(Q18-G)'), ('/C1-', '/C12+'), ('/C1+', '/C13+'), ('Net-(Q2-D)', 'Net-(Q18-D)'), ('Net-(D1-A)', 'Net-(D16-A)')]
10-30 20:32:33 com_github_MitjaNemec_ReplicateLayout.replicate_layout 983:Replicating tracks on sheet ['R_LTC', 'DCH4']
10-30 20:32:33 com_github_MitjaNemec_ReplicateLayout.replicate_layout 750:Significant difference between src net: ['', 'C1-'] and dst net: ['', 'C13+'], with src_net_depth=2, dst_net_depth=2, src_fp_depth=2, dst_fp_depth=2, match level 0.79
10-30 20:32:33 com_github_MitjaNemec_ReplicateLayout.replicate_layout 750:Significant difference between src net: ['', 'C1-'] and dst net: ['', 'C13+'], with src_net_depth=2, dst_net_depth=2, src_fp_depth=2, dst_fp_depth=2, match level 0.79
10-30 20:32:33 com_github_MitjaNemec_ReplicateLayout.replicate_layout 766:Net pairs for sheet ['R_LTC', 'DCH4'] :[('Net-(Q2-G)', 'Net-(Q20-G)'), ('/L_LTC/DCH1/S', '/R_LTC/DCH4/S'), ('/C1+', '/C14+'), ('Net-(D1-A)', 'Net-(D18-A)'), ('Net-(Q2-D)', 'Net-(Q20-D)'), ('/C1-', '/C13+')]
10-30 20:32:33 com_github_MitjaNemec_ReplicateLayout.replicate_layout 983:Replicating tracks on sheet ['R_LTC', 'DCH5']
10-30 20:32:33 com_github_MitjaNemec_ReplicateLayout.replicate_layout 750:Significant difference between src net: ['', 'C1-'] and dst net: ['', 'C14+'], with src_net_depth=2, dst_net_depth=2, src_fp_depth=2, dst_fp_depth=2, match level 0.79
10-30 20:32:33 com_github_MitjaNemec_ReplicateLayout.replicate_layout 750:Significant difference between src net: ['', 'C1-'] and dst net: ['', 'C14+'], with src_net_depth=2, dst_net_depth=2, src_fp_depth=2, dst_fp_depth=2, match level 0.79
10-30 20:32:33 com_github_MitjaNemec_ReplicateLayout.replicate_layout 766:Net pairs for sheet ['R_LTC', 'DCH5'] :[('Net-(D1-A)', 'Net-(D11-A)'), ('/C1-', '/C14+'), ('/C1+', '/C15+'), ('Net-(Q2-D)', 'Net-(Q13-D)'), ('Net-(Q2-G)', 'Net-(Q13-G)'), ('/L_LTC/DCH1/S', '/R_LTC/DCH5/S')]
10-30 20:32:33 root 337:updating GUI with: 74
10-30 20:32:33 com_github_MitjaNemec_ReplicateLayout.replicate_layout 983:Replicating tracks on sheet ['R_LTC', 'DCH6']
10-30 20:32:33 com_github_MitjaNemec_ReplicateLayout.replicate_layout 750:Significant difference between src net: ['', 'C1-'] and dst net: ['', 'C15+'], with src_net_depth=2, dst_net_depth=2, src_fp_depth=2, dst_fp_depth=2, match level 0.79
10-30 20:32:33 com_github_MitjaNemec_ReplicateLayout.replicate_layout 750:Significant difference between src net: ['', 'C1-'] and dst net: ['', 'C15+'], with src_net_depth=2, dst_net_depth=2, src_fp_depth=2, dst_fp_depth=2, match level 0.79
10-30 20:32:33 com_github_MitjaNemec_ReplicateLayout.replicate_layout 766:Net pairs for sheet ['R_LTC', 'DCH6'] :[('Net-(D1-A)', 'Net-(D15-A)'), ('/C1+', '/C16+'), ('/C1-', '/C15+'), ('Net-(Q2-G)', 'Net-(Q17-G)'), ('Net-(Q2-D)', 'Net-(Q17-D)'), ('/L_LTC/DCH1/S', '/R_LTC/DCH6/S')]
10-30 20:32:33 com_github_MitjaNemec_ReplicateLayout.replicate_layout 983:Replicating tracks on sheet ['R_LTC', 'DCH7']
10-30 20:32:33 com_github_MitjaNemec_ReplicateLayout.replicate_layout 750:Significant difference between src net: ['', 'C1-'] and dst net: ['', 'C16+'], with src_net_depth=2, dst_net_depth=2, src_fp_depth=2, dst_fp_depth=2, match level 0.79
10-30 20:32:33 com_github_MitjaNemec_ReplicateLayout.replicate_layout 750:Significant difference between src net: ['', 'C1-'] and dst net: ['', 'C16+'], with src_net_depth=2, dst_net_depth=2, src_fp_depth=2, dst_fp_depth=2, match level 0.79
10-30 20:32:33 com_github_MitjaNemec_ReplicateLayout.replicate_layout 766:Net pairs for sheet ['R_LTC', 'DCH7'] :[('/C1+', '/C17+'), ('/L_LTC/DCH1/S', '/R_LTC/DCH7/S'), ('Net-(D1-A)', 'Net-(D20-A)'), ('Net-(Q2-G)', 'Net-(Q22-G)'), ('Net-(Q2-D)', 'Net-(Q22-D)'), ('/C1-', '/C16+')]
10-30 20:32:33 com_github_MitjaNemec_ReplicateLayout.replicate_layout 983:Replicating tracks on sheet ['R_LTC', 'DCH8']
10-30 20:32:33 com_github_MitjaNemec_ReplicateLayout.replicate_layout 750:Significant difference between src net: ['', 'C1-'] and dst net: ['', 'C17+'], with src_net_depth=2, dst_net_depth=2, src_fp_depth=2, dst_fp_depth=2, match level 0.79
10-30 20:32:33 com_github_MitjaNemec_ReplicateLayout.replicate_layout 750:Significant difference between src net: ['', 'C1-'] and dst net: ['', 'C17+'], with src_net_depth=2, dst_net_depth=2, src_fp_depth=2, dst_fp_depth=2, match level 0.79
10-30 20:32:33 com_github_MitjaNemec_ReplicateLayout.replicate_layout 766:Net pairs for sheet ['R_LTC', 'DCH8'] :[('Net-(Q2-G)', 'Net-(Q21-G)'), ('/L_LTC/DCH1/S', '/R_LTC/DCH8/S'), ('/C1+', '/C18+'), ('Net-(Q2-D)', 'Net-(Q21-D)'), ('/C1-', '/C17+'), ('Net-(D1-A)', 'Net-(D19-A)')]
10-30 20:32:33 com_github_MitjaNemec_ReplicateLayout.replicate_layout 983:Replicating tracks on sheet ['R_LTC', 'DCH9']
10-30 20:32:33 com_github_MitjaNemec_ReplicateLayout.replicate_layout 750:Significant difference between src net: ['', 'C1-'] and dst net: ['', 'C18+'], with src_net_depth=2, dst_net_depth=2, src_fp_depth=2, dst_fp_depth=2, match level 0.79
10-30 20:32:33 com_github_MitjaNemec_ReplicateLayout.replicate_layout 750:Significant difference between src net: ['', 'C1-'] and dst net: ['', 'C18+'], with src_net_depth=2, dst_net_depth=2, src_fp_depth=2, dst_fp_depth=2, match level 0.79
10-30 20:32:33 com_github_MitjaNemec_ReplicateLayout.replicate_layout 766:Net pairs for sheet ['R_LTC', 'DCH9'] :[('/L_LTC/DCH1/S', '/R_LTC/DCH9/S'), ('/C1+', '/C19+'), ('Net-(Q2-D)', 'Net-(Q14-D)'), ('Net-(D1-A)', 'Net-(D12-A)'), ('Net-(Q2-G)', 'Net-(Q14-G)'), ('/C1-', '/C18+')]
10-30 20:32:33 root 332:updating GUI message: 'Replicating zones'
10-30 20:32:33 com_github_MitjaNemec_ReplicateLayout.replicate_layout 1047:Replicating zones
10-30 20:32:33 com_github_MitjaNemec_ReplicateLayout.replicate_layout 1054:Replicating zones on sheet ['L_LTC', 'DCH10']
10-30 20:32:33 com_github_MitjaNemec_ReplicateLayout.replicate_layout 750:Significant difference between src net: ['', 'C1-'] and dst net: ['', 'C9+'], with src_net_depth=2, dst_net_depth=2, src_fp_depth=2, dst_fp_depth=2, match level 0.67
10-30 20:32:33 com_github_MitjaNemec_ReplicateLayout.replicate_layout 750:Significant difference between src net: ['', 'C1-'] and dst net: ['', 'C9+'], with src_net_depth=2, dst_net_depth=2, src_fp_depth=2, dst_fp_depth=2, match level 0.67
10-30 20:32:33 com_github_MitjaNemec_ReplicateLayout.replicate_layout 766:Net pairs for sheet ['L_LTC', 'DCH10'] :[('/C1+', '/C10+'), ('/C1-', '/C9+'), ('Net-(Q2-D)', 'Net-(Q11-D)'), ('Net-(D1-A)', 'Net-(D10-A)'), ('/L_LTC/DCH1/S', '/L_LTC/DCH10/S'), ('Net-(Q2-G)', 'Net-(Q11-G)')]
10-30 20:32:33 com_github_MitjaNemec_ReplicateLayout.replicate_layout 1054:Replicating zones on sheet ['L_LTC', 'DCH2']
10-30 20:32:33 com_github_MitjaNemec_ReplicateLayout.replicate_layout 766:Net pairs for sheet ['L_LTC', 'DCH2'] :[('/C1+', '/C2+'), ('/L_LTC/DCH1/S', '/L_LTC/DCH2/S'), ('Net-(Q2-D)', 'Net-(Q3-D)'), ('/C1-', '/C1+'), ('Net-(Q2-G)', 'Net-(Q3-G)'), ('Net-(D1-A)', 'Net-(D2-A)')]
10-30 20:32:33 com_github_MitjaNemec_ReplicateLayout.replicate_layout 1054:Replicating zones on sheet ['L_LTC', 'DCH3']
10-30 20:32:33 com_github_MitjaNemec_ReplicateLayout.replicate_layout 750:Significant difference between src net: ['', 'C1-'] and dst net: ['', 'C2+'], with src_net_depth=2, dst_net_depth=2, src_fp_depth=2, dst_fp_depth=2, match level 0.67
10-30 20:32:33 com_github_MitjaNemec_ReplicateLayout.replicate_layout 750:Significant difference between src net: ['', 'C1-'] and dst net: ['', 'C2+'], with src_net_depth=2, dst_net_depth=2, src_fp_depth=2, dst_fp_depth=2, match level 0.67
10-30 20:32:33 com_github_MitjaNemec_ReplicateLayout.replicate_layout 766:Net pairs for sheet ['L_LTC', 'DCH3'] :[('/L_LTC/DCH1/S', '/L_LTC/DCH3/S'), ('/C1+', '/C3+'), ('Net-(Q2-G)', 'Net-(Q4-G)'), ('Net-(Q2-D)', 'Net-(Q4-D)'), ('Net-(D1-A)', 'Net-(D3-A)'), ('/C1-', '/C2+')]
10-30 20:32:33 com_github_MitjaNemec_ReplicateLayout.replicate_layout 1054:Replicating zones on sheet ['L_LTC', 'DCH4']
10-30 20:32:33 com_github_MitjaNemec_ReplicateLayout.replicate_layout 750:Significant difference between src net: ['', 'C1-'] and dst net: ['', 'C3+'], with src_net_depth=2, dst_net_depth=2, src_fp_depth=2, dst_fp_depth=2, match level 0.67
10-30 20:32:33 com_github_MitjaNemec_ReplicateLayout.replicate_layout 750:Significant difference between src net: ['', 'C1-'] and dst net: ['', 'C3+'], with src_net_depth=2, dst_net_depth=2, src_fp_depth=2, dst_fp_depth=2, match level 0.67
10-30 20:32:33 com_github_MitjaNemec_ReplicateLayout.replicate_layout 766:Net pairs for sheet ['L_LTC', 'DCH4'] :[('/L_LTC/DCH1/S', '/L_LTC/DCH4/S'), ('/C1-', '/C3+'), ('/C1+', '/C4+'), ('Net-(Q2-D)', 'Net-(Q5-D)'), ('Net-(Q2-G)', 'Net-(Q5-G)'), ('Net-(D1-A)', 'Net-(D4-A)')]
10-30 20:32:33 com_github_MitjaNemec_ReplicateLayout.replicate_layout 1054:Replicating zones on sheet ['L_LTC', 'DCH5']
10-30 20:32:33 com_github_MitjaNemec_ReplicateLayout.replicate_layout 750:Significant difference between src net: ['', 'C1-'] and dst net: ['', 'C4+'], with src_net_depth=2, dst_net_depth=2, src_fp_depth=2, dst_fp_depth=2, match level 0.67
10-30 20:32:33 com_github_MitjaNemec_ReplicateLayout.replicate_layout 750:Significant difference between src net: ['', 'C1+'] and dst net: ['', 'SW_C5+'], with src_net_depth=2, dst_net_depth=2, src_fp_depth=2, dst_fp_depth=2, match level 0.72
10-30 20:32:33 com_github_MitjaNemec_ReplicateLayout.replicate_layout 750:Significant difference between src net: ['', 'C1-'] and dst net: ['', 'C4+'], with src_net_depth=2, dst_net_depth=2, src_fp_depth=2, dst_fp_depth=2, match level 0.67
10-30 20:32:33 com_github_MitjaNemec_ReplicateLayout.replicate_layout 766:Net pairs for sheet ['L_LTC', 'DCH5'] :[('/L_LTC/DCH1/S', '/L_LTC/DCH5/S'), ('Net-(D1-A)', 'Net-(D5-A)'), ('Net-(Q2-D)', 'Net-(Q6-D)'), ('/C1+', '/SW_C5+'), ('/C1-', '/C4+'), ('Net-(Q2-G)', 'Net-(Q6-G)')]
10-30 20:32:33 com_github_MitjaNemec_ReplicateLayout.replicate_layout 1054:Replicating zones on sheet ['L_LTC', 'DCH6']
10-30 20:32:33 com_github_MitjaNemec_ReplicateLayout.replicate_layout 750:Significant difference between src net: ['', 'C1-'] and dst net: ['', 'SW_C5+'], with src_net_depth=2, dst_net_depth=2, src_fp_depth=2, dst_fp_depth=2, match level 0.61
10-30 20:32:33 com_github_MitjaNemec_ReplicateLayout.replicate_layout 750:Significant difference between src net: ['', 'C1-'] and dst net: ['', 'SW_C5+'], with src_net_depth=2, dst_net_depth=2, src_fp_depth=2, dst_fp_depth=2, match level 0.61
10-30 20:32:33 com_github_MitjaNemec_ReplicateLayout.replicate_layout 766:Net pairs for sheet ['L_LTC', 'DCH6'] :[('/C1-', '/SW_C5+'), ('Net-(Q2-G)', 'Net-(Q7-G)'), ('/L_LTC/DCH1/S', '/L_LTC/DCH6/S'), ('/C1+', '/C6+'), ('Net-(D1-A)', 'Net-(D6-A)'), ('Net-(Q2-D)', 'Net-(Q7-D)')]
10-30 20:32:33 com_github_MitjaNemec_ReplicateLayout.replicate_layout 1054:Replicating zones on sheet ['L_LTC', 'DCH7']
10-30 20:32:33 com_github_MitjaNemec_ReplicateLayout.replicate_layout 750:Significant difference between src net: ['', 'C1-'] and dst net: ['', 'C6+'], with src_net_depth=2, dst_net_depth=2, src_fp_depth=2, dst_fp_depth=2, match level 0.67
10-30 20:32:33 com_github_MitjaNemec_ReplicateLayout.replicate_layout 750:Significant difference between src net: ['', 'C1-'] and dst net: ['', 'C6+'], with src_net_depth=2, dst_net_depth=2, src_fp_depth=2, dst_fp_depth=2, match level 0.67
10-30 20:32:33 com_github_MitjaNemec_ReplicateLayout.replicate_layout 766:Net pairs for sheet ['L_LTC', 'DCH7'] :[('/L_LTC/DCH1/S', '/L_LTC/DCH7/S'), ('Net-(Q2-G)', 'Net-(Q8-G)'), ('Net-(D1-A)', 'Net-(D7-A)'), ('/C1+', '/C7+'), ('Net-(Q2-D)', 'Net-(Q8-D)'), ('/C1-', '/C6+')]
10-30 20:32:33 root 337:updating GUI with: 36
10-30 20:32:33 com_github_MitjaNemec_ReplicateLayout.replicate_layout 1054:Replicating zones on sheet ['L_LTC', 'DCH8']
10-30 20:32:33 com_github_MitjaNemec_ReplicateLayout.replicate_layout 750:Significant difference between src net: ['', 'C1-'] and dst net: ['', 'C7+'], with src_net_depth=2, dst_net_depth=2, src_fp_depth=2, dst_fp_depth=2, match level 0.67
10-30 20:32:33 com_github_MitjaNemec_ReplicateLayout.replicate_layout 750:Significant difference between src net: ['', 'C1-'] and dst net: ['', 'C7+'], with src_net_depth=2, dst_net_depth=2, src_fp_depth=2, dst_fp_depth=2, match level 0.67
10-30 20:32:33 com_github_MitjaNemec_ReplicateLayout.replicate_layout 766:Net pairs for sheet ['L_LTC', 'DCH8'] :[('/L_LTC/DCH1/S', '/L_LTC/DCH8/S'), ('Net-(Q2-D)', 'Net-(Q9-D)'), ('/C1+', '/C8+'), ('/C1-', '/C7+'), ('Net-(D1-A)', 'Net-(D8-A)'), ('Net-(Q2-G)', 'Net-(Q9-G)')]
10-30 20:32:33 com_github_MitjaNemec_ReplicateLayout.replicate_layout 1054:Replicating zones on sheet ['L_LTC', 'DCH9']
10-30 20:32:33 com_github_MitjaNemec_ReplicateLayout.replicate_layout 750:Significant difference between src net: ['', 'C1-'] and dst net: ['', 'C8+'], with src_net_depth=2, dst_net_depth=2, src_fp_depth=2, dst_fp_depth=2, match level 0.67
10-30 20:32:33 com_github_MitjaNemec_ReplicateLayout.replicate_layout 750:Significant difference between src net: ['', 'C1-'] and dst net: ['', 'C8+'], with src_net_depth=2, dst_net_depth=2, src_fp_depth=2, dst_fp_depth=2, match level 0.67
10-30 20:32:33 com_github_MitjaNemec_ReplicateLayout.replicate_layout 766:Net pairs for sheet ['L_LTC', 'DCH9'] :[('Net-(Q2-G)', 'Net-(Q10-G)'), ('Net-(Q2-D)', 'Net-(Q10-D)'), ('Net-(D1-A)', 'Net-(D9-A)'), ('/C1-', '/C8+'), ('/L_LTC/DCH1/S', '/L_LTC/DCH9/S'), ('/C1+', '/C9+')]
10-30 20:32:33 com_github_MitjaNemec_ReplicateLayout.replicate_layout 1054:Replicating zones on sheet ['R_LTC', 'DCH1']
10-30 20:32:33 com_github_MitjaNemec_ReplicateLayout.replicate_layout 766:Net pairs for sheet ['R_LTC', 'DCH1'] :[('/C1-', '/C11-'), ('/C1+', '/C11+'), ('Net-(D1-A)', 'Net-(D14-A)'), ('Net-(Q2-G)', 'Net-(Q16-G)'), ('Net-(Q2-D)', 'Net-(Q16-D)'), ('/L_LTC/DCH1/S', '/R_LTC/DCH1/S')]
10-30 20:32:33 com_github_MitjaNemec_ReplicateLayout.replicate_layout 1054:Replicating zones on sheet ['R_LTC', 'DCH10']
10-30 20:32:33 com_github_MitjaNemec_ReplicateLayout.replicate_layout 750:Significant difference between src net: ['', 'C1-'] and dst net: ['', 'C19+'], with src_net_depth=2, dst_net_depth=2, src_fp_depth=2, dst_fp_depth=2, match level 0.79
10-30 20:32:33 com_github_MitjaNemec_ReplicateLayout.replicate_layout 750:Significant difference between src net: ['', 'C1+'] and dst net: ['', 'C20+'], with src_net_depth=2, dst_net_depth=2, src_fp_depth=2, dst_fp_depth=2, match level 0.79
10-30 20:32:33 com_github_MitjaNemec_ReplicateLayout.replicate_layout 750:Significant difference between src net: ['', 'C1-'] and dst net: ['', 'C19+'], with src_net_depth=2, dst_net_depth=2, src_fp_depth=2, dst_fp_depth=2, match level 0.79
10-30 20:32:33 com_github_MitjaNemec_ReplicateLayout.replicate_layout 766:Net pairs for sheet ['R_LTC', 'DCH10'] :[('Net-(Q2-D)', 'Net-(Q15-D)'), ('/L_LTC/DCH1/S', '/R_LTC/DCH10/S'), ('Net-(Q2-G)', 'Net-(Q15-G)'), ('/C1-', '/C19+'), ('/C1+', '/C20+'), ('Net-(D1-A)', 'Net-(D13-A)')]
10-30 20:32:33 com_github_MitjaNemec_ReplicateLayout.replicate_layout 1054:Replicating zones on sheet ['R_LTC', 'DCH2']
10-30 20:32:33 com_github_MitjaNemec_ReplicateLayout.replicate_layout 750:Significant difference between src net: ['', 'C1-'] and dst net: ['', 'C11+'], with src_net_depth=2, dst_net_depth=2, src_fp_depth=2, dst_fp_depth=2, match level 0.79
10-30 20:32:33 com_github_MitjaNemec_ReplicateLayout.replicate_layout 750:Significant difference between src net: ['', 'C1-'] and dst net: ['', 'C11+'], with src_net_depth=2, dst_net_depth=2, src_fp_depth=2, dst_fp_depth=2, match level 0.79
10-30 20:32:33 com_github_MitjaNemec_ReplicateLayout.replicate_layout 766:Net pairs for sheet ['R_LTC', 'DCH2'] :[('/L_LTC/DCH1/S', '/R_LTC/DCH2/S'), ('Net-(D1-A)', 'Net-(D17-A)'), ('Net-(Q2-G)', 'Net-(Q19-G)'), ('Net-(Q2-D)', 'Net-(Q19-D)'), ('/C1-', '/C11+'), ('/C1+', '/C12+')]
10-30 20:32:33 com_github_MitjaNemec_ReplicateLayout.replicate_layout 1054:Replicating zones on sheet ['R_LTC', 'DCH3']
10-30 20:32:33 com_github_MitjaNemec_ReplicateLayout.replicate_layout 750:Significant difference between src net: ['', 'C1-'] and dst net: ['', 'C12+'], with src_net_depth=2, dst_net_depth=2, src_fp_depth=2, dst_fp_depth=2, match level 0.79
10-30 20:32:33 com_github_MitjaNemec_ReplicateLayout.replicate_layout 750:Significant difference between src net: ['', 'C1-'] and dst net: ['', 'C12+'], with src_net_depth=2, dst_net_depth=2, src_fp_depth=2, dst_fp_depth=2, match level 0.79
10-30 20:32:33 com_github_MitjaNemec_ReplicateLayout.replicate_layout 766:Net pairs for sheet ['R_LTC', 'DCH3'] :[('/L_LTC/DCH1/S', '/R_LTC/DCH3/S'), ('Net-(Q2-G)', 'Net-(Q18-G)'), ('/C1-', '/C12+'), ('/C1+', '/C13+'), ('Net-(Q2-D)', 'Net-(Q18-D)'), ('Net-(D1-A)', 'Net-(D16-A)')]
10-30 20:32:33 com_github_MitjaNemec_ReplicateLayout.replicate_layout 1054:Replicating zones on sheet ['R_LTC', 'DCH4']
10-30 20:32:33 com_github_MitjaNemec_ReplicateLayout.replicate_layout 750:Significant difference between src net: ['', 'C1-'] and dst net: ['', 'C13+'], with src_net_depth=2, dst_net_depth=2, src_fp_depth=2, dst_fp_depth=2, match level 0.79
10-30 20:32:33 com_github_MitjaNemec_ReplicateLayout.replicate_layout 750:Significant difference between src net: ['', 'C1-'] and dst net: ['', 'C13+'], with src_net_depth=2, dst_net_depth=2, src_fp_depth=2, dst_fp_depth=2, match level 0.79
10-30 20:32:33 com_github_MitjaNemec_ReplicateLayout.replicate_layout 766:Net pairs for sheet ['R_LTC', 'DCH4'] :[('Net-(Q2-G)', 'Net-(Q20-G)'), ('/L_LTC/DCH1/S', '/R_LTC/DCH4/S'), ('/C1+', '/C14+'), ('Net-(D1-A)', 'Net-(D18-A)'), ('Net-(Q2-D)', 'Net-(Q20-D)'), ('/C1-', '/C13+')]
10-30 20:32:33 com_github_MitjaNemec_ReplicateLayout.replicate_layout 1054:Replicating zones on sheet ['R_LTC', 'DCH5']
10-30 20:32:33 com_github_MitjaNemec_ReplicateLayout.replicate_layout 750:Significant difference between src net: ['', 'C1-'] and dst net: ['', 'C14+'], with src_net_depth=2, dst_net_depth=2, src_fp_depth=2, dst_fp_depth=2, match level 0.79
10-30 20:32:33 com_github_MitjaNemec_ReplicateLayout.replicate_layout 750:Significant difference between src net: ['', 'C1-'] and dst net: ['', 'C14+'], with src_net_depth=2, dst_net_depth=2, src_fp_depth=2, dst_fp_depth=2, match level 0.79
10-30 20:32:33 com_github_MitjaNemec_ReplicateLayout.replicate_layout 766:Net pairs for sheet ['R_LTC', 'DCH5'] :[('Net-(D1-A)', 'Net-(D11-A)'), ('/C1-', '/C14+'), ('/C1+', '/C15+'), ('Net-(Q2-D)', 'Net-(Q13-D)'), ('Net-(Q2-G)', 'Net-(Q13-G)'), ('/L_LTC/DCH1/S', '/R_LTC/DCH5/S')]
10-30 20:32:33 com_github_MitjaNemec_ReplicateLayout.replicate_layout 1054:Replicating zones on sheet ['R_LTC', 'DCH6']
10-30 20:32:33 com_github_MitjaNemec_ReplicateLayout.replicate_layout 750:Significant difference between src net: ['', 'C1-'] and dst net: ['', 'C15+'], with src_net_depth=2, dst_net_depth=2, src_fp_depth=2, dst_fp_depth=2, match level 0.79
10-30 20:32:33 com_github_MitjaNemec_ReplicateLayout.replicate_layout 750:Significant difference between src net: ['', 'C1-'] and dst net: ['', 'C15+'], with src_net_depth=2, dst_net_depth=2, src_fp_depth=2, dst_fp_depth=2, match level 0.79
10-30 20:32:33 com_github_MitjaNemec_ReplicateLayout.replicate_layout 766:Net pairs for sheet ['R_LTC', 'DCH6'] :[('Net-(D1-A)', 'Net-(D15-A)'), ('/C1+', '/C16+'), ('/C1-', '/C15+'), ('Net-(Q2-G)', 'Net-(Q17-G)'), ('Net-(Q2-D)', 'Net-(Q17-D)'), ('/L_LTC/DCH1/S', '/R_LTC/DCH6/S')]
10-30 20:32:33 com_github_MitjaNemec_ReplicateLayout.replicate_layout 1054:Replicating zones on sheet ['R_LTC', 'DCH7']
10-30 20:32:33 com_github_MitjaNemec_ReplicateLayout.replicate_layout 750:Significant difference between src net: ['', 'C1-'] and dst net: ['', 'C16+'], with src_net_depth=2, dst_net_depth=2, src_fp_depth=2, dst_fp_depth=2, match level 0.79
10-30 20:32:33 com_github_MitjaNemec_ReplicateLayout.replicate_layout 750:Significant difference between src net: ['', 'C1-'] and dst net: ['', 'C16+'], with src_net_depth=2, dst_net_depth=2, src_fp_depth=2, dst_fp_depth=2, match level 0.79
10-30 20:32:33 com_github_MitjaNemec_ReplicateLayout.replicate_layout 766:Net pairs for sheet ['R_LTC', 'DCH7'] :[('/C1+', '/C17+'), ('/L_LTC/DCH1/S', '/R_LTC/DCH7/S'), ('Net-(D1-A)', 'Net-(D20-A)'), ('Net-(Q2-G)', 'Net-(Q22-G)'), ('Net-(Q2-D)', 'Net-(Q22-D)'), ('/C1-', '/C16+')]
10-30 20:32:33 com_github_MitjaNemec_ReplicateLayout.replicate_layout 1054:Replicating zones on sheet ['R_LTC', 'DCH8']
10-30 20:32:33 com_github_MitjaNemec_ReplicateLayout.replicate_layout 750:Significant difference between src net: ['', 'C1-'] and dst net: ['', 'C17+'], with src_net_depth=2, dst_net_depth=2, src_fp_depth=2, dst_fp_depth=2, match level 0.79
10-30 20:32:33 com_github_MitjaNemec_ReplicateLayout.replicate_layout 750:Significant difference between src net: ['', 'C1-'] and dst net: ['', 'C17+'], with src_net_depth=2, dst_net_depth=2, src_fp_depth=2, dst_fp_depth=2, match level 0.79
10-30 20:32:33 com_github_MitjaNemec_ReplicateLayout.replicate_layout 766:Net pairs for sheet ['R_LTC', 'DCH8'] :[('Net-(Q2-G)', 'Net-(Q21-G)'), ('/L_LTC/DCH1/S', '/R_LTC/DCH8/S'), ('/C1+', '/C18+'), ('Net-(Q2-D)', 'Net-(Q21-D)'), ('/C1-', '/C17+'), ('Net-(D1-A)', 'Net-(D19-A)')]
10-30 20:32:33 com_github_MitjaNemec_ReplicateLayout.replicate_layout 1054:Replicating zones on sheet ['R_LTC', 'DCH9']
10-30 20:32:33 com_github_MitjaNemec_ReplicateLayout.replicate_layout 750:Significant difference between src net: ['', 'C1-'] and dst net: ['', 'C18+'], with src_net_depth=2, dst_net_depth=2, src_fp_depth=2, dst_fp_depth=2, match level 0.79
10-30 20:32:33 com_github_MitjaNemec_ReplicateLayout.replicate_layout 750:Significant difference between src net: ['', 'C1-'] and dst net: ['', 'C18+'], with src_net_depth=2, dst_net_depth=2, src_fp_depth=2, dst_fp_depth=2, match level 0.79
10-30 20:32:33 com_github_MitjaNemec_ReplicateLayout.replicate_layout 766:Net pairs for sheet ['R_LTC', 'DCH9'] :[('/L_LTC/DCH1/S', '/R_LTC/DCH9/S'), ('/C1+', '/C19+'), ('Net-(Q2-D)', 'Net-(Q14-D)'), ('Net-(D1-A)', 'Net-(D12-A)'), ('Net-(Q2-G)', 'Net-(Q14-G)'), ('/C1-', '/C18+')]
10-30 20:32:33 root 332:updating GUI message: 'Replicating text'
10-30 20:32:33 root 337:updating GUI with: 0
10-30 20:32:33 com_github_MitjaNemec_ReplicateLayout.replicate_layout 1136:Replicating text
10-30 20:32:33 com_github_MitjaNemec_ReplicateLayout.replicate_layout 1143:Replicating text on sheet ['L_LTC', 'DCH10']
10-30 20:32:33 com_github_MitjaNemec_ReplicateLayout.replicate_layout 1143:Replicating text on sheet ['L_LTC', 'DCH2']
10-30 20:32:33 com_github_MitjaNemec_ReplicateLayout.replicate_layout 1143:Replicating text on sheet ['L_LTC', 'DCH3']
10-30 20:32:33 com_github_MitjaNemec_ReplicateLayout.replicate_layout 1143:Replicating text on sheet ['L_LTC', 'DCH4']
10-30 20:32:33 com_github_MitjaNemec_ReplicateLayout.replicate_layout 1143:Replicating text on sheet ['L_LTC', 'DCH5']
10-30 20:32:33 com_github_MitjaNemec_ReplicateLayout.replicate_layout 1143:Replicating text on sheet ['L_LTC', 'DCH6']
10-30 20:32:33 com_github_MitjaNemec_ReplicateLayout.replicate_layout 1143:Replicating text on sheet ['L_LTC', 'DCH7']
10-30 20:32:33 com_github_MitjaNemec_ReplicateLayout.replicate_layout 1143:Replicating text on sheet ['L_LTC', 'DCH8']
10-30 20:32:33 com_github_MitjaNemec_ReplicateLayout.replicate_layout 1143:Replicating text on sheet ['L_LTC', 'DCH9']
10-30 20:32:33 com_github_MitjaNemec_ReplicateLayout.replicate_layout 1143:Replicating text on sheet ['R_LTC', 'DCH1']
10-30 20:32:33 com_github_MitjaNemec_ReplicateLayout.replicate_layout 1143:Replicating text on sheet ['R_LTC', 'DCH10']
10-30 20:32:33 com_github_MitjaNemec_ReplicateLayout.replicate_layout 1143:Replicating text on sheet ['R_LTC', 'DCH2']
10-30 20:32:33 com_github_MitjaNemec_ReplicateLayout.replicate_layout 1143:Replicating text on sheet ['R_LTC', 'DCH3']
10-30 20:32:33 com_github_MitjaNemec_ReplicateLayout.replicate_layout 1143:Replicating text on sheet ['R_LTC', 'DCH4']
10-30 20:32:33 com_github_MitjaNemec_ReplicateLayout.replicate_layout 1143:Replicating text on sheet ['R_LTC', 'DCH5']
10-30 20:32:33 com_github_MitjaNemec_ReplicateLayout.replicate_layout 1143:Replicating text on sheet ['R_LTC', 'DCH6']
10-30 20:32:33 com_github_MitjaNemec_ReplicateLayout.replicate_layout 1143:Replicating text on sheet ['R_LTC', 'DCH7']
10-30 20:32:33 com_github_MitjaNemec_ReplicateLayout.replicate_layout 1143:Replicating text on sheet ['R_LTC', 'DCH8']
10-30 20:32:33 com_github_MitjaNemec_ReplicateLayout.replicate_layout 1143:Replicating text on sheet ['R_LTC', 'DCH9']
10-30 20:32:33 root 332:updating GUI message: 'Replicating drawings'
10-30 20:32:33 com_github_MitjaNemec_ReplicateLayout.replicate_layout 1187:Replicating drawings
10-30 20:32:33 com_github_MitjaNemec_ReplicateLayout.replicate_layout 1193:Replicating drawings on sheet ['L_LTC', 'DCH10']
10-30 20:32:33 com_github_MitjaNemec_ReplicateLayout.replicate_layout 1193:Replicating drawings on sheet ['L_LTC', 'DCH2']
10-30 20:32:33 com_github_MitjaNemec_ReplicateLayout.replicate_layout 1193:Replicating drawings on sheet ['L_LTC', 'DCH3']
10-30 20:32:33 com_github_MitjaNemec_ReplicateLayout.replicate_layout 1193:Replicating drawings on sheet ['L_LTC', 'DCH4']
10-30 20:32:33 com_github_MitjaNemec_ReplicateLayout.replicate_layout 1193:Replicating drawings on sheet ['L_LTC', 'DCH5']
10-30 20:32:33 com_github_MitjaNemec_ReplicateLayout.replicate_layout 1193:Replicating drawings on sheet ['L_LTC', 'DCH6']
10-30 20:32:33 com_github_MitjaNemec_ReplicateLayout.replicate_layout 1193:Replicating drawings on sheet ['L_LTC', 'DCH7']
10-30 20:32:33 com_github_MitjaNemec_ReplicateLayout.replicate_layout 1193:Replicating drawings on sheet ['L_LTC', 'DCH8']
10-30 20:32:33 com_github_MitjaNemec_ReplicateLayout.replicate_layout 1193:Replicating drawings on sheet ['L_LTC', 'DCH9']
10-30 20:32:33 com_github_MitjaNemec_ReplicateLayout.replicate_layout 1193:Replicating drawings on sheet ['R_LTC', 'DCH1']
10-30 20:32:33 com_github_MitjaNemec_ReplicateLayout.replicate_layout 1193:Replicating drawings on sheet ['R_LTC', 'DCH10']
10-30 20:32:33 com_github_MitjaNemec_ReplicateLayout.replicate_layout 1193:Replicating drawings on sheet ['R_LTC', 'DCH2']
10-30 20:32:33 com_github_MitjaNemec_ReplicateLayout.replicate_layout 1193:Replicating drawings on sheet ['R_LTC', 'DCH3']
10-30 20:32:33 com_github_MitjaNemec_ReplicateLayout.replicate_layout 1193:Replicating drawings on sheet ['R_LTC', 'DCH4']
10-30 20:32:33 com_github_MitjaNemec_ReplicateLayout.replicate_layout 1193:Replicating drawings on sheet ['R_LTC', 'DCH5']
10-30 20:32:33 com_github_MitjaNemec_ReplicateLayout.replicate_layout 1193:Replicating drawings on sheet ['R_LTC', 'DCH6']
10-30 20:32:33 com_github_MitjaNemec_ReplicateLayout.replicate_layout 1193:Replicating drawings on sheet ['R_LTC', 'DCH7']
10-30 20:32:33 com_github_MitjaNemec_ReplicateLayout.replicate_layout 1193:Replicating drawings on sheet ['R_LTC', 'DCH8']
10-30 20:32:33 com_github_MitjaNemec_ReplicateLayout.replicate_layout 1193:Replicating drawings on sheet ['R_LTC', 'DCH9']
10-30 20:32:33 com_github_MitjaNemec_ReplicateLayout.action_replicate_layout 256:Replication complete
10-30 20:32:33 com_github_MitjaNemec_ReplicateLayout.action_replicate_layout 259:Letting the user know there are some issues with replicated design
10-30 20:32:33 com_github_MitjaNemec_ReplicateLayout.action_replicate_layout 263:Looks like the design has an exotic connectivity that the plugin might not handle properly
 Make sure that you check the connectivity around:
Footprint R59, pad 2
Footprint R21, pad 2
Footprint D6, pad 1
Footprint R83, pad 2
Footprint D12, pad 1
Footprint R63, pad 2
Footprint R87, pad 2
Footprint Q6, pad 2
Footprint D7, pad 1
Footprint R67, pad 2
Footprint R17, pad 2
Footprint R41, pad 2
Footprint D5, pad 1
Footprint D13, pad 1
Footprint D3, pad 1
Footprint D10, pad 1
Footprint D8, pad 1
Footprint D11, pad 1
Footprint R45, pad 2
Footprint R29, pad 2
Footprint R79, pad 2
Footprint R37, pad 2
Footprint Q15, pad 2
Footprint D4, pad 1
Footprint D15, pad 1
Footprint R75, pad 2
Footprint R91, pad 2
Footprint D19, pad 1
Footprint R33, pad 2
Footprint D17, pad 1
Footprint R95, pad 2
Footprint R25, pad 2
Footprint D18, pad 1
Footprint D9, pad 1
Footprint D16, pad 1
Footprint D20, pad 1

